2024-09-20 21:31:22.895 [CORE] WinGet, version [1.8.1911], activity [{A044C37A-7924-437A-80BB-8C63FF1B4543}]
2024-09-20 21:31:22.895 [CORE] OS: Windows.Desktop v10.0.22631.4037
2024-09-20 21:31:22.895 [CORE] Command line Args: "C:\Program Files\WindowsApps\Microsoft.DesktopAppInstaller_1.23.1911.0_x64__8wekyb3d8bbwe\WindowsPackageManagerServer.exe" -Embedding
2024-09-20 21:31:22.895 [CORE] Package: Microsoft.DesktopAppInstaller v1.23.1911.0
2024-09-20 21:31:22.896 [CORE] IsCOMCall:1; Caller: C:\Windows\explorer.exe
2024-09-20 21:31:22.907 [CORE] Default proxy is not set
2024-09-20 21:31:22.907 [REPO] REST HTTP Client helper does not use proxy
2024-09-20 21:31:22.916 [REPO] REST HTTP Client helper does not use proxy
2024-09-20 21:31:22.924 [REPO] Sending http GET request to: https://storeedgefd.dsx.mp.microsoft.com/v9.0/information
2024-09-20 21:31:23.238 [REPO] Response status: 200
2024-09-20 21:31:23.239 [REPO] Authentication node not found. Assuming authentication type none.
2024-09-20 21:31:23.239 [REPO] Sending http GET request to: https://storeedgefd.dsx.mp.microsoft.com/v9.0/information
2024-09-20 21:31:23.306 [REPO] Response status: 200
2024-09-20 21:31:23.306 [REPO] Authentication node not found. Assuming authentication type none.
2024-09-20 21:31:23.311 [REPO] Creating new SQLite Index with version [Latest] at ':memory:'
2024-09-20 21:31:23.351 [REPO] Reading MSI UpgradeCodes
2024-09-20 21:31:23.393 [REPO] Reading MSI UpgradeCodes
2024-09-20 21:31:23.859 [REPO] Opening database for ReadWrite at 'C:\Users\Janani Sindhu\AppData\Local\Packages\Microsoft.DesktopAppInstaller_8wekyb3d8bbwe\LocalState\StoreEdgeFD\installed.db'
2024-09-20 21:31:23.859 [REPO] Opened SQLite Index with version [1.3], last write [2024-08-09 19:43:00.000]
2024-09-20 21:31:23.862 [REPO] Sending http POST request to: https://storeedgefd.dsx.mp.microsoft.com/v9.0/manifestSearch
2024-09-20 21:31:23.989 [REPO] Response status: 200
2024-09-20 21:31:24.031 [REPO] Opening database for ReadWrite at 'C:\Users\Janani Sindhu\AppData\Local\Packages\Microsoft.DesktopAppInstaller_8wekyb3d8bbwe\LocalState\Microsoft.Winget.Source_8wekyb3d8bbwe\installed.db'
2024-09-20 21:31:24.032 [REPO] Opened SQLite Index with version [1.7], last write [2024-09-02 09:11:06.000]
